[2025-02-04 06:47:24,658: WARNING/MainProcess] /home/tinayo001/TinayoAPIS/venv/lib/python3.12/site-packages/celery/worker/consumer/consumer.py:508: CPendingDeprecationWarning: The broker_connection_retry configuration setting will no longer determine
whether broker connection retries are made during startup in Celery 6.0 and above.
If you wish to retain the existing behavior for retrying connections on startup,
you should set broker_connection_retry_on_startup to True.
  warnings.warn(

[2025-02-04 06:47:25,003: INFO/MainProcess] Connected to redis://localhost:6379/0
[2025-02-04 06:47:25,006: WARNING/MainProcess] /home/tinayo001/TinayoAPIS/venv/lib/python3.12/site-packages/celery/worker/consumer/consumer.py:508: CPendingDeprecationWarning: The broker_connection_retry configuration setting will no longer determine
whether broker connection retries are made during startup in Celery 6.0 and above.
If you wish to retain the existing behavior for retrying connections on startup,
you should set broker_connection_retry_on_startup to True.
  warnings.warn(

[2025-02-04 06:47:25,018: INFO/MainProcess] mingle: searching for neighbors
[2025-02-04 06:47:26,072: INFO/MainProcess] mingle: all alone
[2025-02-04 06:47:26,115: INFO/MainProcess] celery@tinayo001-HP-ProBook-4320s ready.
[2025-02-04 07:05:17,115: WARNING/MainProcess] /home/tinayo001/TinayoAPIS/venv/lib/python3.12/site-packages/celery/worker/consumer/consumer.py:508: CPendingDeprecationWarning: The broker_connection_retry configuration setting will no longer determine
whether broker connection retries are made during startup in Celery 6.0 and above.
If you wish to retain the existing behavior for retrying connections on startup,
you should set broker_connection_retry_on_startup to True.
  warnings.warn(

[2025-02-04 07:05:17,143: INFO/MainProcess] Connected to redis://localhost:6379/0
[2025-02-04 07:05:17,146: WARNING/MainProcess] /home/tinayo001/TinayoAPIS/venv/lib/python3.12/site-packages/celery/worker/consumer/consumer.py:508: CPendingDeprecationWarning: The broker_connection_retry configuration setting will no longer determine
whether broker connection retries are made during startup in Celery 6.0 and above.
If you wish to retain the existing behavior for retrying connections on startup,
you should set broker_connection_retry_on_startup to True.
  warnings.warn(

[2025-02-04 07:05:17,151: INFO/MainProcess] mingle: searching for neighbors
[2025-02-04 07:05:18,171: INFO/MainProcess] mingle: all alone
[2025-02-04 07:05:18,230: INFO/MainProcess] celery@tinayo001-HP-ProBook-4320s ready.
[2025-02-04 07:05:18,251: INFO/MainProcess] Task jobs.tasks.check_overdue_schedules[23d07316-6e05-4b5d-95dc-b356bd9834b4] received
[2025-02-04 07:05:18,455: INFO/ForkPoolWorker-1] Updated normal schedule 2b75e41c-7518-4de0-ab19-6e341cac5f57 status to 'overdue'.
[2025-02-04 07:05:18,607: INFO/ForkPoolWorker-1] New schedule created with ID 66760269-a701-4bf5-9eac-f9c9af159c72 for elevator d7e4c23a-ba80-4928-992f-f82199fe3c8a
[2025-02-04 07:05:18,607: INFO/ForkPoolWorker-1] New maintenance schedule created for normal schedule 2b75e41c-7518-4de0-ab19-6e341cac5f57.
[2025-02-04 07:05:18,739: INFO/ForkPoolWorker-1] Updated ad-hoc schedule 8387f4c0-7f12-49f4-a64f-7deb77bcbf6c status to 'overdue'.
[2025-02-04 07:05:18,847: INFO/ForkPoolWorker-1] Updated ad-hoc schedule 4307d209-04ae-4667-88d7-a3b4b603ccda status to 'overdue'.
[2025-02-04 07:05:18,956: INFO/ForkPoolWorker-1] Updated ad-hoc schedule 347daf81-1cea-4e9f-bcfe-bc44b47c8e19 status to 'overdue'.
[2025-02-04 07:05:19,081: INFO/ForkPoolWorker-1] Updated ad-hoc schedule 447c3916-6ac7-44eb-bca8-58bd1aa0ecd1 status to 'overdue'.
[2025-02-04 07:05:19,249: INFO/ForkPoolWorker-1] Updated building-level ad-hoc schedule d448f8f4-b9af-4b58-bf0f-703df96686f4 status to 'overdue'.
[2025-02-04 07:05:19,398: INFO/ForkPoolWorker-1] Updated building-level ad-hoc schedule 23b76cba-65d6-4d92-9b91-4d03d5b6a3b8 status to 'overdue'.
[2025-02-04 07:05:19,398: INFO/ForkPoolWorker-1] Processed 1 overdue normal schedules.
[2025-02-04 07:05:19,398: INFO/ForkPoolWorker-1] Processed 4 overdue ad-hoc schedules.
[2025-02-04 07:05:19,399: INFO/ForkPoolWorker-1] Processed 2 overdue building-level ad-hoc schedules.
[2025-02-04 07:05:19,424: INFO/ForkPoolWorker-1] Task jobs.tasks.check_overdue_schedules[23d07316-6e05-4b5d-95dc-b356bd9834b4] succeeded in 1.1688845600001514s: None
[2025-02-04 07:05:59,948: INFO/MainProcess] Task jobs.tasks.check_overdue_schedules[ccd6b2d6-f039-4dd4-9a41-c1b8c5fd3e21] received
[2025-02-04 07:05:59,959: INFO/ForkPoolWorker-1] Processed 0 overdue normal schedules.
[2025-02-04 07:05:59,959: INFO/ForkPoolWorker-1] Processed 0 overdue ad-hoc schedules.
[2025-02-04 07:05:59,959: INFO/ForkPoolWorker-1] Processed 0 overdue building-level ad-hoc schedules.
[2025-02-04 07:05:59,962: INFO/ForkPoolWorker-1] Task jobs.tasks.check_overdue_schedules[ccd6b2d6-f039-4dd4-9a41-c1b8c5fd3e21] succeeded in 0.011622205999628932s: None
[2025-02-04 07:07:58,374: DEBUG/MainProcess] | Worker: Preparing bootsteps.
[2025-02-04 07:07:58,382: DEBUG/MainProcess] | Worker: Building graph...
[2025-02-04 07:07:58,383: DEBUG/MainProcess] | Worker: New boot order: {StateDB, Timer, Hub, Pool, Autoscaler, Beat, Consumer}
[2025-02-04 07:07:58,391: DEBUG/MainProcess] | Consumer: Preparing bootsteps.
[2025-02-04 07:07:58,391: DEBUG/MainProcess] | Consumer: Building graph...
[2025-02-04 07:07:58,408: DEBUG/MainProcess] | Consumer: New boot order: {Connection, Events, Mingle, Gossip, Agent, Heart, Tasks, Control, event loop}
[2025-02-04 07:07:58,431: DEBUG/MainProcess] | Worker: Starting Hub
[2025-02-04 07:07:58,431: DEBUG/MainProcess] ^-- substep ok
[2025-02-04 07:07:58,431: DEBUG/MainProcess] | Worker: Starting Pool
[2025-02-04 07:07:58,637: DEBUG/MainProcess] ^-- substep ok
[2025-02-04 07:07:58,638: DEBUG/MainProcess] | Worker: Starting Consumer
[2025-02-04 07:07:58,639: DEBUG/MainProcess] | Consumer: Starting Connection
[2025-02-04 07:07:58,643: WARNING/MainProcess] /home/tinayo001/TinayoAPIS/venv/lib/python3.12/site-packages/celery/worker/consumer/consumer.py:508: CPendingDeprecationWarning: The broker_connection_retry configuration setting will no longer determine
whether broker connection retries are made during startup in Celery 6.0 and above.
If you wish to retain the existing behavior for retrying connections on startup,
you should set broker_connection_retry_on_startup to True.
  warnings.warn(

[2025-02-04 07:07:58,661: INFO/MainProcess] Connected to redis://localhost:6379/0
[2025-02-04 07:07:58,661: DEBUG/MainProcess] ^-- substep ok
[2025-02-04 07:07:58,661: DEBUG/MainProcess] | Consumer: Starting Events
[2025-02-04 07:07:58,663: WARNING/MainProcess] /home/tinayo001/TinayoAPIS/venv/lib/python3.12/site-packages/celery/worker/consumer/consumer.py:508: CPendingDeprecationWarning: The broker_connection_retry configuration setting will no longer determine
whether broker connection retries are made during startup in Celery 6.0 and above.
If you wish to retain the existing behavior for retrying connections on startup,
you should set broker_connection_retry_on_startup to True.
  warnings.warn(

[2025-02-04 07:07:58,665: DEBUG/MainProcess] ^-- substep ok
[2025-02-04 07:07:58,666: DEBUG/MainProcess] | Consumer: Starting Mingle
[2025-02-04 07:07:58,666: INFO/MainProcess] mingle: searching for neighbors
[2025-02-04 07:07:59,681: INFO/MainProcess] mingle: all alone
[2025-02-04 07:07:59,682: DEBUG/MainProcess] ^-- substep ok
[2025-02-04 07:07:59,682: DEBUG/MainProcess] | Consumer: Starting Gossip
[2025-02-04 07:07:59,693: DEBUG/MainProcess] ^-- substep ok
[2025-02-04 07:07:59,693: DEBUG/MainProcess] | Consumer: Starting Heart
[2025-02-04 07:07:59,698: DEBUG/MainProcess] ^-- substep ok
[2025-02-04 07:07:59,699: DEBUG/MainProcess] | Consumer: Starting Tasks
[2025-02-04 07:07:59,706: DEBUG/MainProcess] ^-- substep ok
[2025-02-04 07:07:59,706: DEBUG/MainProcess] | Consumer: Starting Control
[2025-02-04 07:07:59,711: DEBUG/MainProcess] ^-- substep ok
[2025-02-04 07:07:59,711: DEBUG/MainProcess] | Consumer: Starting event loop
[2025-02-04 07:07:59,712: DEBUG/MainProcess] | Worker: Hub.register Pool...
[2025-02-04 07:07:59,713: INFO/MainProcess] celery@tinayo001-HP-ProBook-4320s ready.
[2025-02-04 07:07:59,713: DEBUG/MainProcess] basic.qos: prefetch_count->8
[2025-02-04 07:09:26,275: DEBUG/MainProcess] | Worker: Closing Hub...
[2025-02-04 07:09:26,275: DEBUG/MainProcess] | Worker: Closing Pool...
[2025-02-04 07:09:26,276: DEBUG/MainProcess] | Worker: Closing Consumer...
[2025-02-04 07:09:26,276: DEBUG/MainProcess] | Worker: Stopping Consumer...
[2025-02-04 07:09:26,276: DEBUG/MainProcess] | Consumer: Closing Connection...
[2025-02-04 07:09:26,276: DEBUG/MainProcess] | Consumer: Closing Events...
[2025-02-04 07:09:26,277: DEBUG/MainProcess] | Consumer: Closing Mingle...
[2025-02-04 07:09:26,277: DEBUG/MainProcess] | Consumer: Closing Gossip...
[2025-02-04 07:09:26,277: DEBUG/MainProcess] | Consumer: Closing Heart...
[2025-02-04 07:09:26,277: DEBUG/MainProcess] | Consumer: Closing Tasks...
[2025-02-04 07:09:26,277: DEBUG/MainProcess] | Consumer: Closing Control...
[2025-02-04 07:09:26,277: DEBUG/MainProcess] | Consumer: Closing event loop...
[2025-02-04 07:09:26,277: DEBUG/MainProcess] | Consumer: Stopping event loop...
[2025-02-04 07:09:26,278: DEBUG/MainProcess] | Consumer: Stopping Control...
[2025-02-04 07:09:26,280: DEBUG/MainProcess] | Consumer: Stopping Tasks...
[2025-02-04 07:09:26,281: DEBUG/MainProcess] Canceling task consumer...
[2025-02-04 07:09:26,282: DEBUG/MainProcess] | Consumer: Stopping Heart...
[2025-02-04 07:09:26,285: DEBUG/MainProcess] | Consumer: Stopping Gossip...
[2025-02-04 07:09:26,291: DEBUG/MainProcess] | Consumer: Stopping Mingle...
[2025-02-04 07:09:26,292: DEBUG/MainProcess] | Consumer: Stopping Events...
[2025-02-04 07:09:26,292: DEBUG/MainProcess] | Consumer: Stopping Connection...
[2025-02-04 07:09:26,292: DEBUG/MainProcess] | Worker: Stopping Pool...
[2025-02-04 07:09:27,306: DEBUG/MainProcess] | Worker: Stopping Hub...
[2025-02-04 07:09:27,306: DEBUG/MainProcess] | Consumer: Shutdown Control...
[2025-02-04 07:09:27,307: DEBUG/MainProcess] | Consumer: Shutdown Tasks...
[2025-02-04 07:09:27,307: DEBUG/MainProcess] Canceling task consumer...
[2025-02-04 07:09:27,307: DEBUG/MainProcess] Closing consumer channel...
[2025-02-04 07:09:27,308: DEBUG/MainProcess] | Consumer: Shutdown Heart...
[2025-02-04 07:09:27,308: DEBUG/MainProcess] | Consumer: Shutdown Gossip...
[2025-02-04 07:09:27,308: DEBUG/MainProcess] | Consumer: Shutdown Events...
[2025-02-04 07:09:27,310: DEBUG/MainProcess] | Consumer: Shutdown Connection...
[2025-02-04 07:09:27,312: DEBUG/MainProcess] removing tasks from inqueue until task handler finished
[2025-02-04 07:12:13,802: DEBUG/MainProcess] | Worker: Preparing bootsteps.
[2025-02-04 07:12:13,810: DEBUG/MainProcess] | Worker: Building graph...
[2025-02-04 07:12:13,811: DEBUG/MainProcess] | Worker: New boot order: {Beat, Timer, Hub, Pool, Autoscaler, StateDB, Consumer}
[2025-02-04 07:12:13,819: DEBUG/MainProcess] | Consumer: Preparing bootsteps.
[2025-02-04 07:12:13,819: DEBUG/MainProcess] | Consumer: Building graph...
[2025-02-04 07:12:13,837: DEBUG/MainProcess] | Consumer: New boot order: {Connection, Events, Mingle, Gossip, Heart, Tasks, Control, Agent, event loop}
[2025-02-04 07:12:13,862: DEBUG/MainProcess] | Worker: Starting Hub
[2025-02-04 07:12:13,862: DEBUG/MainProcess] ^-- substep ok
[2025-02-04 07:12:13,862: DEBUG/MainProcess] | Worker: Starting Pool
[2025-02-04 07:12:14,084: DEBUG/MainProcess] ^-- substep ok
[2025-02-04 07:12:14,085: DEBUG/MainProcess] | Worker: Starting Consumer
[2025-02-04 07:12:14,086: DEBUG/MainProcess] | Consumer: Starting Connection
[2025-02-04 07:12:14,090: WARNING/MainProcess] /home/tinayo001/TinayoAPIS/venv/lib/python3.12/site-packages/celery/worker/consumer/consumer.py:508: CPendingDeprecationWarning: The broker_connection_retry configuration setting will no longer determine
whether broker connection retries are made during startup in Celery 6.0 and above.
If you wish to retain the existing behavior for retrying connections on startup,
you should set broker_connection_retry_on_startup to True.
  warnings.warn(

[2025-02-04 07:12:14,109: INFO/MainProcess] Connected to redis://localhost:6379/0
[2025-02-04 07:12:14,109: DEBUG/MainProcess] ^-- substep ok
[2025-02-04 07:12:14,109: DEBUG/MainProcess] | Consumer: Starting Events
[2025-02-04 07:12:14,111: WARNING/MainProcess] /home/tinayo001/TinayoAPIS/venv/lib/python3.12/site-packages/celery/worker/consumer/consumer.py:508: CPendingDeprecationWarning: The broker_connection_retry configuration setting will no longer determine
whether broker connection retries are made during startup in Celery 6.0 and above.
If you wish to retain the existing behavior for retrying connections on startup,
you should set broker_connection_retry_on_startup to True.
  warnings.warn(

[2025-02-04 07:12:14,113: DEBUG/MainProcess] ^-- substep ok
[2025-02-04 07:12:14,114: DEBUG/MainProcess] | Consumer: Starting Mingle
[2025-02-04 07:12:14,114: INFO/MainProcess] mingle: searching for neighbors
[2025-02-04 07:12:15,132: INFO/MainProcess] mingle: all alone
[2025-02-04 07:12:15,133: DEBUG/MainProcess] ^-- substep ok
[2025-02-04 07:12:15,133: DEBUG/MainProcess] | Consumer: Starting Gossip
[2025-02-04 07:12:15,159: DEBUG/MainProcess] ^-- substep ok
[2025-02-04 07:12:15,160: DEBUG/MainProcess] | Consumer: Starting Heart
[2025-02-04 07:12:15,172: DEBUG/MainProcess] ^-- substep ok
[2025-02-04 07:12:15,172: DEBUG/MainProcess] | Consumer: Starting Tasks
[2025-02-04 07:12:15,190: DEBUG/MainProcess] ^-- substep ok
[2025-02-04 07:12:15,191: DEBUG/MainProcess] | Consumer: Starting Control
[2025-02-04 07:12:15,203: DEBUG/MainProcess] ^-- substep ok
[2025-02-04 07:12:15,204: DEBUG/MainProcess] | Consumer: Starting event loop
[2025-02-04 07:12:15,204: DEBUG/MainProcess] | Worker: Hub.register Pool...
[2025-02-04 07:12:15,205: INFO/MainProcess] celery@tinayo001-HP-ProBook-4320s ready.
[2025-02-04 07:12:15,206: DEBUG/MainProcess] basic.qos: prefetch_count->8
[2025-02-04 07:12:15,218: INFO/MainProcess] Task jobs.tasks.check_overdue_schedules[df6734d5-2907-4d67-88c5-62f86a1c9461] received
[2025-02-04 07:12:15,223: DEBUG/MainProcess] TaskPool: Apply <function fast_trace_task at 0x715cc3746020> (args:('jobs.tasks.check_overdue_schedules', 'df6734d5-2907-4d67-88c5-62f86a1c9461', {'lang': 'py', 'task': 'jobs.tasks.check_overdue_schedules', 'id': 'df6734d5-2907-4d67-88c5-62f86a1c9461', 'shadow': None, 'eta': None, 'expires': None, 'group': None, 'group_index': None, 'retries': 0, 'timelimit': [None, None], 'root_id': 'df6734d5-2907-4d67-88c5-62f86a1c9461', 'parent_id': None, 'argsrepr': '()', 'kwargsrepr': '{}', 'origin': 'gen8019@tinayo001-HP-ProBook-4320s', 'ignore_result': False, 'replaced_task_nesting': 0, 'stamped_headers': None, 'stamps': {}, 'properties': {'correlation_id': 'df6734d5-2907-4d67-88c5-62f86a1c9461', 'reply_to': '5b86565d-4527-32fc-9851-c734c7636e8e', 'delivery_mode': 2, 'delivery_info': {'exchange': '', 'routing_key': 'celery'}, 'priority': 0, 'body_encoding': 'base64', 'delivery_tag': '5b7054a9-7cb9-458f-bb1e-c8fb3c44d753'}, 'reply_to': '5b86565d-4527-32fc-9851-c734c7636e8e', 'correlation_id': 'df6734d5-2907-4d67-88c5-62f86a1c9461', 'hostname': 'celery@tinayo001-HP-ProBook-4320s',... kwargs:{})
[2025-02-04 07:12:15,315: INFO/ForkPoolWorker-1] Processed 0 overdue normal schedules.
[2025-02-04 07:12:15,316: INFO/ForkPoolWorker-1] Processed 0 overdue ad-hoc schedules.
[2025-02-04 07:12:15,317: INFO/ForkPoolWorker-1] Processed 0 overdue building-level ad-hoc schedules.
[2025-02-04 07:12:15,336: INFO/ForkPoolWorker-1] Task jobs.tasks.check_overdue_schedules[df6734d5-2907-4d67-88c5-62f86a1c9461] succeeded in 0.09269275599945104s: None
[2025-02-04 07:13:17,000: INFO/MainProcess] Task jobs.tasks.check_overdue_schedules[30f8e4ec-b687-4cf7-b860-2478657db4ba] received
[2025-02-04 07:13:17,000: DEBUG/MainProcess] TaskPool: Apply <function fast_trace_task at 0x715cc3746020> (args:('jobs.tasks.check_overdue_schedules', '30f8e4ec-b687-4cf7-b860-2478657db4ba', {'lang': 'py', 'task': 'jobs.tasks.check_overdue_schedules', 'id': '30f8e4ec-b687-4cf7-b860-2478657db4ba', 'shadow': None, 'eta': None, 'expires': None, 'group': None, 'group_index': None, 'retries': 0, 'timelimit': [None, None], 'root_id': '30f8e4ec-b687-4cf7-b860-2478657db4ba', 'parent_id': None, 'argsrepr': '()', 'kwargsrepr': '{}', 'origin': 'gen8159@tinayo001-HP-ProBook-4320s', 'ignore_result': False, 'replaced_task_nesting': 0, 'stamped_headers': None, 'stamps': {}, 'properties': {'correlation_id': '30f8e4ec-b687-4cf7-b860-2478657db4ba', 'reply_to': 'b2872988-09ca-3e7c-b9b9-3e36c56abbbc', 'delivery_mode': 2, 'delivery_info': {'exchange': '', 'routing_key': 'celery'}, 'priority': 0, 'body_encoding': 'base64', 'delivery_tag': 'c5ed3625-4c83-4a9a-8937-b4db47f03214'}, 'reply_to': 'b2872988-09ca-3e7c-b9b9-3e36c56abbbc', 'correlation_id': '30f8e4ec-b687-4cf7-b860-2478657db4ba', 'hostname': 'celery@tinayo001-HP-ProBook-4320s',... kwargs:{})
[2025-02-04 07:13:17,012: INFO/ForkPoolWorker-1] Processed 0 overdue normal schedules.
[2025-02-04 07:13:17,012: INFO/ForkPoolWorker-1] Processed 0 overdue ad-hoc schedules.
[2025-02-04 07:13:17,012: INFO/ForkPoolWorker-1] Processed 0 overdue building-level ad-hoc schedules.
[2025-02-04 07:13:17,015: INFO/ForkPoolWorker-1] Task jobs.tasks.check_overdue_schedules[30f8e4ec-b687-4cf7-b860-2478657db4ba] succeeded in 0.013464579999890702s: None
[2025-02-04 07:14:57,856: INFO/MainProcess] Task jobs.tasks.check_overdue_schedules[8a437442-5625-4a0d-84a6-df42d9e70d0c] received
[2025-02-04 07:14:57,857: DEBUG/MainProcess] TaskPool: Apply <function fast_trace_task at 0x715cc3746020> (args:('jobs.tasks.check_overdue_schedules', '8a437442-5625-4a0d-84a6-df42d9e70d0c', {'lang': 'py', 'task': 'jobs.tasks.check_overdue_schedules', 'id': '8a437442-5625-4a0d-84a6-df42d9e70d0c', 'shadow': None, 'eta': None, 'expires': None, 'group': None, 'group_index': None, 'retries': 0, 'timelimit': [None, None], 'root_id': '8a437442-5625-4a0d-84a6-df42d9e70d0c', 'parent_id': None, 'argsrepr': '()', 'kwargsrepr': '{}', 'origin': 'gen8159@tinayo001-HP-ProBook-4320s', 'ignore_result': False, 'replaced_task_nesting': 0, 'stamped_headers': None, 'stamps': {}, 'properties': {'correlation_id': '8a437442-5625-4a0d-84a6-df42d9e70d0c', 'reply_to': 'b2872988-09ca-3e7c-b9b9-3e36c56abbbc', 'delivery_mode': 2, 'delivery_info': {'exchange': '', 'routing_key': 'celery'}, 'priority': 0, 'body_encoding': 'base64', 'delivery_tag': '86285d6e-9559-45da-b0f0-20a39083fe32'}, 'reply_to': 'b2872988-09ca-3e7c-b9b9-3e36c56abbbc', 'correlation_id': '8a437442-5625-4a0d-84a6-df42d9e70d0c', 'hostname': 'celery@tinayo001-HP-ProBook-4320s',... kwargs:{})
[2025-02-04 07:14:57,878: INFO/ForkPoolWorker-1] Processed 0 overdue normal schedules.
[2025-02-04 07:14:57,881: INFO/ForkPoolWorker-1] Processed 0 overdue ad-hoc schedules.
[2025-02-04 07:14:57,881: INFO/ForkPoolWorker-1] Processed 0 overdue building-level ad-hoc schedules.
[2025-02-04 07:14:57,884: INFO/ForkPoolWorker-1] Task jobs.tasks.check_overdue_schedules[8a437442-5625-4a0d-84a6-df42d9e70d0c] succeeded in 0.02393713499986916s: None
[2025-02-04 07:16:43,508: DEBUG/MainProcess] | Worker: Closing Hub...
[2025-02-04 07:16:43,509: DEBUG/MainProcess] | Worker: Closing Pool...
[2025-02-04 07:16:43,509: DEBUG/MainProcess] | Worker: Closing Consumer...
[2025-02-04 07:16:43,510: DEBUG/MainProcess] | Worker: Stopping Consumer...
[2025-02-04 07:16:43,511: DEBUG/MainProcess] | Consumer: Closing Connection...
[2025-02-04 07:16:43,511: DEBUG/MainProcess] | Consumer: Closing Events...
[2025-02-04 07:16:43,511: DEBUG/MainProcess] | Consumer: Closing Mingle...
[2025-02-04 07:16:43,512: DEBUG/MainProcess] | Consumer: Closing Gossip...
[2025-02-04 07:16:43,512: DEBUG/MainProcess] | Consumer: Closing Heart...
[2025-02-04 07:16:43,512: DEBUG/MainProcess] | Consumer: Closing Tasks...
[2025-02-04 07:16:43,513: DEBUG/MainProcess] | Consumer: Closing Control...
[2025-02-04 07:16:43,513: DEBUG/MainProcess] | Consumer: Closing event loop...
[2025-02-04 07:16:43,513: DEBUG/MainProcess] | Consumer: Stopping event loop...
[2025-02-04 07:16:43,515: DEBUG/MainProcess] | Consumer: Stopping Control...
[2025-02-04 07:16:43,520: DEBUG/MainProcess] | Consumer: Stopping Tasks...
[2025-02-04 07:16:43,521: DEBUG/MainProcess] Canceling task consumer...
[2025-02-04 07:16:43,521: DEBUG/MainProcess] | Consumer: Stopping Heart...
[2025-02-04 07:16:43,523: DEBUG/MainProcess] | Consumer: Stopping Gossip...
[2025-02-04 07:16:43,525: DEBUG/MainProcess] | Consumer: Stopping Mingle...
[2025-02-04 07:16:43,525: DEBUG/MainProcess] | Consumer: Stopping Events...
[2025-02-04 07:16:43,526: DEBUG/MainProcess] | Consumer: Stopping Connection...
[2025-02-04 07:16:43,526: DEBUG/MainProcess] | Worker: Stopping Pool...
[2025-02-04 07:16:44,540: DEBUG/MainProcess] | Worker: Stopping Hub...
[2025-02-04 07:16:44,540: DEBUG/MainProcess] | Consumer: Shutdown Control...
[2025-02-04 07:16:44,541: DEBUG/MainProcess] | Consumer: Shutdown Tasks...
[2025-02-04 07:16:44,541: DEBUG/MainProcess] Canceling task consumer...
[2025-02-04 07:16:44,541: DEBUG/MainProcess] Closing consumer channel...
[2025-02-04 07:16:44,542: DEBUG/MainProcess] | Consumer: Shutdown Heart...
[2025-02-04 07:16:44,542: DEBUG/MainProcess] | Consumer: Shutdown Gossip...
[2025-02-04 07:16:44,542: DEBUG/MainProcess] | Consumer: Shutdown Events...
[2025-02-04 07:16:44,543: DEBUG/MainProcess] | Consumer: Shutdown Connection...
[2025-02-04 07:16:44,545: DEBUG/MainProcess] removing tasks from inqueue until task handler finished
[2025-02-04 07:18:35,287: DEBUG/MainProcess] | Worker: Preparing bootsteps.
[2025-02-04 07:18:35,296: DEBUG/MainProcess] | Worker: Building graph...
[2025-02-04 07:18:35,296: DEBUG/MainProcess] | Worker: New boot order: {Timer, Hub, Pool, Autoscaler, StateDB, Beat, Consumer}
[2025-02-04 07:18:35,304: DEBUG/MainProcess] | Consumer: Preparing bootsteps.
[2025-02-04 07:18:35,304: DEBUG/MainProcess] | Consumer: Building graph...
[2025-02-04 07:18:35,322: DEBUG/MainProcess] | Consumer: New boot order: {Connection, Events, Mingle, Gossip, Heart, Agent, Tasks, Control, event loop}
[2025-02-04 07:18:35,340: DEBUG/MainProcess] | Worker: Starting Hub
[2025-02-04 07:18:35,340: DEBUG/MainProcess] ^-- substep ok
[2025-02-04 07:18:35,340: DEBUG/MainProcess] | Worker: Starting Pool
[2025-02-04 07:18:35,606: DEBUG/MainProcess] ^-- substep ok
[2025-02-04 07:18:35,607: DEBUG/MainProcess] | Worker: Starting Consumer
[2025-02-04 07:18:35,608: DEBUG/MainProcess] | Consumer: Starting Connection
[2025-02-04 07:18:35,612: WARNING/MainProcess] /home/tinayo001/TinayoAPIS/venv/lib/python3.12/site-packages/celery/worker/consumer/consumer.py:508: CPendingDeprecationWarning: The broker_connection_retry configuration setting will no longer determine
whether broker connection retries are made during startup in Celery 6.0 and above.
If you wish to retain the existing behavior for retrying connections on startup,
you should set broker_connection_retry_on_startup to True.
  warnings.warn(

[2025-02-04 07:18:35,642: INFO/MainProcess] Connected to redis://localhost:6379/0
[2025-02-04 07:18:35,643: DEBUG/MainProcess] ^-- substep ok
[2025-02-04 07:18:35,643: DEBUG/MainProcess] | Consumer: Starting Events
[2025-02-04 07:18:35,645: WARNING/MainProcess] /home/tinayo001/TinayoAPIS/venv/lib/python3.12/site-packages/celery/worker/consumer/consumer.py:508: CPendingDeprecationWarning: The broker_connection_retry configuration setting will no longer determine
whether broker connection retries are made during startup in Celery 6.0 and above.
If you wish to retain the existing behavior for retrying connections on startup,
you should set broker_connection_retry_on_startup to True.
  warnings.warn(

[2025-02-04 07:18:35,649: DEBUG/MainProcess] ^-- substep ok
[2025-02-04 07:18:35,650: DEBUG/MainProcess] | Consumer: Starting Mingle
[2025-02-04 07:18:35,650: INFO/MainProcess] mingle: searching for neighbors
[2025-02-04 07:18:36,670: INFO/MainProcess] mingle: all alone
[2025-02-04 07:18:36,671: DEBUG/MainProcess] ^-- substep ok
[2025-02-04 07:18:36,671: DEBUG/MainProcess] | Consumer: Starting Gossip
[2025-02-04 07:18:36,684: DEBUG/MainProcess] ^-- substep ok
[2025-02-04 07:18:36,685: DEBUG/MainProcess] | Consumer: Starting Heart
[2025-02-04 07:18:36,692: DEBUG/MainProcess] ^-- substep ok
[2025-02-04 07:18:36,693: DEBUG/MainProcess] | Consumer: Starting Tasks
[2025-02-04 07:18:36,708: DEBUG/MainProcess] ^-- substep ok
[2025-02-04 07:18:36,708: DEBUG/MainProcess] | Consumer: Starting Control
[2025-02-04 07:18:36,722: DEBUG/MainProcess] ^-- substep ok
[2025-02-04 07:18:36,724: DEBUG/MainProcess] | Consumer: Starting event loop
[2025-02-04 07:18:36,724: DEBUG/MainProcess] | Worker: Hub.register Pool...
[2025-02-04 07:18:36,727: INFO/MainProcess] celery@tinayo001-HP-ProBook-4320s ready.
[2025-02-04 07:18:36,729: DEBUG/MainProcess] basic.qos: prefetch_count->8
[2025-02-04 07:18:47,228: INFO/MainProcess] Task jobs.tasks.check_overdue_schedules[26e1b74a-78b0-445d-87fe-39693c3cf041] received
[2025-02-04 07:18:47,230: DEBUG/MainProcess] TaskPool: Apply <function fast_trace_task at 0x717408366020> (args:('jobs.tasks.check_overdue_schedules', '26e1b74a-78b0-445d-87fe-39693c3cf041', {'lang': 'py', 'task': 'jobs.tasks.check_overdue_schedules', 'id': '26e1b74a-78b0-445d-87fe-39693c3cf041', 'shadow': None, 'eta': None, 'expires': None, 'group': None, 'group_index': None, 'retries': 0, 'timelimit': [None, None], 'root_id': '26e1b74a-78b0-445d-87fe-39693c3cf041', 'parent_id': None, 'argsrepr': '()', 'kwargsrepr': '{}', 'origin': 'gen8159@tinayo001-HP-ProBook-4320s', 'ignore_result': False, 'replaced_task_nesting': 0, 'stamped_headers': None, 'stamps': {}, 'properties': {'correlation_id': '26e1b74a-78b0-445d-87fe-39693c3cf041', 'reply_to': 'b2872988-09ca-3e7c-b9b9-3e36c56abbbc', 'delivery_mode': 2, 'delivery_info': {'exchange': '', 'routing_key': 'celery'}, 'priority': 0, 'body_encoding': 'base64', 'delivery_tag': 'aa12956a-f772-43fd-8f4f-9fe4aab560da'}, 'reply_to': 'b2872988-09ca-3e7c-b9b9-3e36c56abbbc', 'correlation_id': '26e1b74a-78b0-445d-87fe-39693c3cf041', 'hostname': 'celery@tinayo001-HP-ProBook-4320s',... kwargs:{})
[2025-02-04 07:18:47,285: INFO/ForkPoolWorker-1] Processed 0 overdue normal schedules.
[2025-02-04 07:18:47,286: INFO/ForkPoolWorker-1] Processed 0 overdue ad-hoc schedules.
[2025-02-04 07:18:47,286: INFO/ForkPoolWorker-1] Processed 0 overdue building-level ad-hoc schedules.
[2025-02-04 07:18:47,315: INFO/ForkPoolWorker-1] Task jobs.tasks.check_overdue_schedules[26e1b74a-78b0-445d-87fe-39693c3cf041] succeeded in 0.07987803700052609s: {'status': 'success', 'timestamp': '2025-02-04 07:18:47.237622+00:00', 'processed_counts': {'normal_schedules': 0, 'adhoc_schedules': 0, 'building_adhoc_schedules': 0}, 'processed_ids': {'normal': [], 'adhoc': [], 'building_adhoc': []}}
[2025-02-04 07:32:39,833: DEBUG/MainProcess] | Worker: Closing Hub...
[2025-02-04 07:32:39,850: DEBUG/MainProcess] | Worker: Closing Pool...
[2025-02-04 07:32:39,851: DEBUG/MainProcess] | Worker: Closing Consumer...
[2025-02-04 07:32:39,851: DEBUG/MainProcess] | Worker: Stopping Consumer...
[2025-02-04 07:32:39,851: DEBUG/MainProcess] | Consumer: Closing Connection...
[2025-02-04 07:32:39,851: DEBUG/MainProcess] | Consumer: Closing Events...
[2025-02-04 07:32:39,852: DEBUG/MainProcess] | Consumer: Closing Mingle...
[2025-02-04 07:32:39,853: DEBUG/MainProcess] | Consumer: Closing Gossip...
[2025-02-04 07:32:39,853: DEBUG/MainProcess] | Consumer: Closing Heart...
[2025-02-04 07:32:39,853: DEBUG/MainProcess] | Consumer: Closing Tasks...
[2025-02-04 07:32:39,853: DEBUG/MainProcess] | Consumer: Closing Control...
[2025-02-04 07:32:39,853: DEBUG/MainProcess] | Consumer: Closing event loop...
[2025-02-04 07:32:39,853: DEBUG/MainProcess] | Consumer: Stopping event loop...
[2025-02-04 07:32:39,854: DEBUG/MainProcess] | Consumer: Stopping Control...
[2025-02-04 07:32:39,858: DEBUG/MainProcess] | Consumer: Stopping Tasks...
[2025-02-04 07:32:39,859: DEBUG/MainProcess] Canceling task consumer...
[2025-02-04 07:32:39,860: DEBUG/MainProcess] | Consumer: Stopping Heart...
[2025-02-04 07:32:39,862: DEBUG/MainProcess] | Consumer: Stopping Gossip...
[2025-02-04 07:32:39,867: DEBUG/MainProcess] | Consumer: Stopping Mingle...
[2025-02-04 07:32:39,867: DEBUG/MainProcess] | Consumer: Stopping Events...
[2025-02-04 07:32:39,867: DEBUG/MainProcess] | Consumer: Stopping Connection...
[2025-02-04 07:32:39,867: DEBUG/MainProcess] | Worker: Stopping Pool...
[2025-02-04 07:32:40,880: DEBUG/MainProcess] | Worker: Stopping Hub...
[2025-02-04 07:32:40,881: DEBUG/MainProcess] | Consumer: Shutdown Control...
[2025-02-04 07:32:40,881: DEBUG/MainProcess] | Consumer: Shutdown Tasks...
[2025-02-04 07:32:40,881: DEBUG/MainProcess] Canceling task consumer...
[2025-02-04 07:32:40,881: DEBUG/MainProcess] Closing consumer channel...
[2025-02-04 07:32:40,881: DEBUG/MainProcess] | Consumer: Shutdown Heart...
[2025-02-04 07:32:40,882: DEBUG/MainProcess] | Consumer: Shutdown Gossip...
[2025-02-04 07:32:40,882: DEBUG/MainProcess] | Consumer: Shutdown Events...
[2025-02-04 07:32:40,882: DEBUG/MainProcess] | Consumer: Shutdown Connection...
[2025-02-04 07:32:40,884: DEBUG/MainProcess] removing tasks from inqueue until task handler finished
